# JRE version: OpenJDK Runtime Environment (8.0_242-b01) (build 1.8.0_242-release-1644-b01)
# Java VM: OpenJDK 64-Bit Server VM (25.242-b01 mixed mode windows-amd64 compressed oops)
Heap:
 PSYoungGen      total 527360K, used 98793K [0x00000000d5580000, 0x0000000100000000, 0x0000000100000000)
  eden space 374784K, 3% used [0x00000000d5580000,0x00000000d61f1550,0x00000000ec380000)
  from space 152576K, 56% used [0x00000000f5b80000,0x00000000faf89018,0x00000000ff080000)
  to   space 155648K, 0% used [0x00000000ec380000,0x00000000ec380000,0x00000000f5b80000)
 ParOldGen       total 580096K, used 395995K [0x0000000080000000, 0x00000000a3680000, 0x00000000d5580000)
  object space 580096K, 68% used [0x0000000080000000,0x00000000982b6c20,0x00000000a3680000)
 Metaspace       used 515072K, capacity 543055K, committed 543256K, reserved 1521664K
  class space    used 65823K, capacity 71097K, committed 71216K, reserved 1048576K
GC Heap History (10 events):
Event: 16888.416 GC heap before
{Heap before GC invocations=115 (full 9):
 PSYoungGen      total 546816K, used 409795K [0x00000000d5580000, 0x00000000ffd80000, 0x0000000100000000)
  eden space 398336K, 99% used [0x00000000d5580000,0x00000000eda567f8,0x00000000eda80000)
  from space 148480K, 7% used [0x00000000eda80000,0x00000000ee5da7d0,0x00000000f6b80000)
  to   space 147968K, 0% used [0x00000000f6d00000,0x00000000f6d00000,0x00000000ffd80000)
 ParOldGen       total 580096K, used 376979K [0x0000000080000000, 0x00000000a3680000, 0x00000000d5580000)
  object space 580096K, 64% used [0x0000000080000000,0x0000000097024e78,0x00000000a3680000)
 Metaspace       used 499967K, capacity 526907K, committed 527256K, reserved 1507328K
  class space    used 63852K, capacity 68937K, committed 69040K, reserved 1048576K
Event: 16888.433 GC heap after
Heap after GC invocations=115 (full 9):
 PSYoungGen      total 547328K, used 13818K [0x00000000d5580000, 0x00000000ffa80000, 0x0000000100000000)
  eden space 402432K, 0% used [0x00000000d5580000,0x00000000d5580000,0x00000000ede80000)
  from space 144896K, 9% used [0x00000000f6d00000,0x00000000f7a7e830,0x00000000ffa80000)
  to   space 145408K, 0% used [0x00000000ede80000,0x00000000ede80000,0x00000000f6c80000)
 ParOldGen       total 580096K, used 380611K [0x0000000080000000, 0x00000000a3680000, 0x00000000d5580000)
  object space 580096K, 65% used [0x0000000080000000,0x00000000973b0ea8,0x00000000a3680000)
 Metaspace       used 499967K, capacity 526907K, committed 527256K, reserved 1507328K
  class space    used 63852K, capacity 68937K, committed 69040K, reserved 1048576K
}
Event: 16890.324 GC heap before
{Heap before GC invocations=116 (full 9):
 PSYoungGen      total 547328K, used 416250K [0x00000000d5580000, 0x00000000ffa80000, 0x0000000100000000)
  eden space 402432K, 100% used [0x00000000d5580000,0x00000000ede80000,0x00000000ede80000)
  from space 144896K, 9% used [0x00000000f6d00000,0x00000000f7a7e830,0x00000000ffa80000)
  to   space 145408K, 0% used [0x00000000ede80000,0x00000000ede80000,0x00000000f6c80000)
 ParOldGen       total 580096K, used 380611K [0x0000000080000000, 0x00000000a3680000, 0x00000000d5580000)
  object space 580096K, 65% used [0x0000000080000000,0x00000000973b0ea8,0x00000000a3680000)
 Metaspace       used 499976K, capacity 526915K, committed 527256K, reserved 1507328K
  class space    used 63852K, capacity 68937K, committed 69040K, reserved 1048576K
Event: 16890.457 GC heap after
Heap after GC invocations=116 (full 9):
 PSYoungGen      total 526848K, used 123963K [0x00000000d5580000, 0x0000000100000000, 0x0000000100000000)
  eden space 402432K, 0% used [0x00000000d5580000,0x00000000d5580000,0x00000000ede80000)
  from space 124416K, 99% used [0x00000000ede80000,0x00000000f578ed60,0x00000000f5800000)
  to   space 163328K, 0% used [0x00000000f6080000,0x00000000f6080000,0x0000000100000000)
 ParOldGen       total 580096K, used 386105K [0x0000000080000000, 0x00000000a3680000, 0x00000000d5580000)
  object space 580096K, 66% used [0x0000000080000000,0x000000009790e780,0x00000000a3680000)
 Metaspace       used 499976K, capacity 526915K, committed 527256K, reserved 1507328K
  class space    used 63852K, capacity 68937K, committed 69040K, reserved 1048576K
}
Event: 16898.767 GC heap before
{Heap before GC invocations=117 (full 9):
 PSYoungGen      total 526848K, used 526395K [0x00000000d5580000, 0x0000000100000000, 0x0000000100000000)
  eden space 402432K, 100% used [0x00000000d5580000,0x00000000ede80000,0x00000000ede80000)
  from space 124416K, 99% used [0x00000000ede80000,0x00000000f578ed60,0x00000000f5800000)
  to   space 163328K, 0% used [0x00000000f6080000,0x00000000f6080000,0x0000000100000000)
 ParOldGen       total 580096K, used 386105K [0x0000000080000000, 0x00000000a3680000, 0x00000000d5580000)
  object space 580096K, 66% used [0x0000000080000000,0x000000009790e780,0x00000000a3680000)
 Metaspace       used 500038K, capacity 527093K, committed 527256K, reserved 1507328K
  class space    used 63862K, capacity 68956K, committed 69040K, reserved 1048576K
Event: 16898.785 GC heap after
Heap after GC invocations=117 (full 9):
 PSYoungGen      total 541184K, used 27022K [0x00000000d5580000, 0x0000000100000000, 0x0000000100000000)
  eden space 377856K, 0% used [0x00000000d5580000,0x00000000d5580000,0x00000000ec680000)
  from space 163328K, 16% used [0x00000000f6080000,0x00000000f7ae3988,0x0000000100000000)
  to   space 157696K, 0% used [0x00000000ec680000,0x00000000ec680000,0x00000000f6080000)
 ParOldGen       total 580096K, used 386219K [0x0000000080000000, 0x00000000a3680000, 0x00000000d5580000)
  object space 580096K, 66% used [0x0000000080000000,0x000000009792ad48,0x00000000a3680000)
 Metaspace       used 500038K, capacity 527093K, committed 527256K, reserved 1507328K
  class space    used 63862K, capacity 68956K, committed 69040K, reserved 1048576K
}
Event: 16981.723 GC heap before
{Heap before GC invocations=118 (full 9):
 PSYoungGen      total 541184K, used 404878K [0x00000000d5580000, 0x0000000100000000, 0x0000000100000000)
  eden space 377856K, 100% used [0x00000000d5580000,0x00000000ec680000,0x00000000ec680000)
  from space 163328K, 16% used [0x00000000f6080000,0x00000000f7ae3988,0x0000000100000000)
  to   space 157696K, 0% used [0x00000000ec680000,0x00000000ec680000,0x00000000f6080000)
 ParOldGen       total 580096K, used 386219K [0x0000000080000000, 0x00000000a3680000, 0x00000000d5580000)
  object space 580096K, 66% used [0x0000000080000000,0x000000009792ad48,0x00000000a3680000)
 Metaspace       used 500060K, capacity 527097K, committed 527256K, reserved 1507328K
  class space    used 63862K, capacity 68956K, committed 69040K, reserved 1048576K
Event: 16981.747 GC heap after
Heap after GC invocations=118 (full 9):
 PSYoungGen      total 402432K, used 24308K [0x00000000d5580000, 0x00000000ff080000, 0x0000000100000000)
  eden space 377856K, 0% used [0x00000000d5580000,0x00000000d5580000,0x00000000ec680000)
  from space 24576K, 98% used [0x00000000ec680000,0x00000000ede3d1c8,0x00000000ede80000)
  to   space 152576K, 0% used [0x00000000f5b80000,0x00000000f5b80000,0x00000000ff080000)
 ParOldGen       total 580096K, used 387164K [0x0000000080000000, 0x00000000a3680000, 0x00000000d5580000)
  object space 580096K, 66% used [0x0000000080000000,0x0000000097a17398,0x00000000a3680000)
 Metaspace       used 500060K, capacity 527097K, committed 527256K, reserved 1507328K
  class space    used 63862K, capacity 68956K, committed 69040K, reserved 1048576K
}
Event: 16987.318 GC heap before
{Heap before GC invocations=119 (full 9):
 PSYoungGen      total 402432K, used 402164K [0x00000000d5580000, 0x00000000ff080000, 0x0000000100000000)
  eden space 377856K, 100% used [0x00000000d5580000,0x00000000ec680000,0x00000000ec680000)
  from space 24576K, 98% used [0x00000000ec680000,0x00000000ede3d1c8,0x00000000ede80000)
  to   space 152576K, 0% used [0x00000000f5b80000,0x00000000f5b80000,0x00000000ff080000)
 ParOldGen       total 580096K, used 387164K [0x0000000080000000, 0x00000000a3680000, 0x00000000d5580000)
  object space 580096K, 66% used [0x0000000080000000,0x0000000097a17398,0x00000000a3680000)
 Metaspace       used 515072K, capacity 543055K, committed 543256K, reserved 1521664K
  class space    used 65823K, capacity 71097K, committed 71216K, reserved 1048576K
Event: 16987.401 GC heap after
Heap after GC invocations=119 (full 9):
 PSYoungGen      total 527360K, used 86052K [0x00000000d5580000, 0x0000000100000000, 0x0000000100000000)
  eden space 374784K, 0% used [0x00000000d5580000,0x00000000d5580000,0x00000000ec380000)
  from space 152576K, 56% used [0x00000000f5b80000,0x00000000faf89018,0x00000000ff080000)
  to   space 155648K, 0% used [0x00000000ec380000,0x00000000ec380000,0x00000000f5b80000)
 ParOldGen       total 580096K, used 395995K [0x0000000080000000, 0x00000000a3680000, 0x00000000d5580000)
  object space 580096K, 68% used [0x0000000080000000,0x00000000982b6c20,0x00000000a3680000)
 Metaspace       used 515072K, capacity 543055K, committed 543256K, reserved 1521664K
  class space    used 65823K, capacity 71097K, committed 71216K, reserved 1048576K
}

